<?xml version="1.0" encoding="UTF-8"?>
<!-- Generated by org.testng.reporters.JUnitReportReporter -->
<testsuite skipped="0" hostname="LAPTOP-F3R7CLL6" name="com.qa.unit.tests.DemoTest" tests="4" failures="0" timestamp="02 Feb 2019 20:34:56 GMT" time="0.016" errors="0">
  <testcase name="multi" time="0.001" classname="com.qa.unit.tests.DemoTest"/>
  <testcase name="add" time="0.014" classname="com.qa.unit.tests.DemoTest"/>
  <testcase name="sub" time="0.000" classname="com.qa.unit.tests.DemoTest"/>
  <testcase name="div" time="0.001" classname="com.qa.unit.tests.DemoTest"/>
</testsuite> <!-- com.qa.unit.tests.DemoTest -->
